0 info it worked if it ends with ok
1 verbose cli [ '/usr/bin/node', '/usr/bin/npm', 'start' ]
2 info using npm@3.10.10
3 info using node@v6.11.4
4 verbose run-script [ 'prestart', 'start', 'poststart' ]
5 info lifecycle Programmazione-Web@~prestart: Programmazione-Web@
6 silly lifecycle Programmazione-Web@~prestart: no script for prestart, continuing
7 info lifecycle Programmazione-Web@~start: Programmazione-Web@
8 verbose lifecycle Programmazione-Web@~start: unsafe-perm in lifecycle true
9 verbose lifecycle Programmazione-Web@~start: PATH: /usr/lib/node_modules/npm/bin/node-gyp-bin:/home/mattia/Programmazione-Web/node_modules/.bin:/usr/local/sbin:/usr/local/bin:/usr/sbin:/usr/bin:/sbin:/bin:/usr/games:/usr/local/games:/snap/bin:/snap/bin
10 verbose lifecycle Programmazione-Web@~start: CWD: /home/mattia/Programmazione-Web
11 silly lifecycle Programmazione-Web@~start: Args: [ '-c', 'node app.js' ]
12 silly lifecycle Programmazione-Web@~start: Returned: code: 1  signal: null
13 info lifecycle Programmazione-Web@~start: Failed to exec start script
14 verbose stack Error: Programmazione-Web@ start: `node app.js`
14 verbose stack Exit status 1
14 verbose stack     at EventEmitter.<anonymous> (/usr/lib/node_modules/npm/lib/utils/lifecycle.js:255:16)
14 verbose stack     at emitTwo (events.js:106:13)
14 verbose stack     at EventEmitter.emit (events.js:191:7)
14 verbose stack     at ChildProcess.<anonymous> (/usr/lib/node_modules/npm/lib/utils/spawn.js:40:14)
14 verbose stack     at emitTwo (events.js:106:13)
14 verbose stack     at ChildProcess.emit (events.js:191:7)
14 verbose stack     at maybeClose (internal/child_process.js:920:16)
14 verbose stack     at Process.ChildProcess._handle.onexit (internal/child_process.js:230:5)
15 verbose pkgid Programmazione-Web@
16 verbose cwd /home/mattia/Programmazione-Web
17 error Linux 4.10.0-37-generic
18 error argv "/usr/bin/node" "/usr/bin/npm" "start"
19 error node v6.11.4
20 error npm  v3.10.10
21 error code ELIFECYCLE
22 error Programmazione-Web@ start: `node app.js`
22 error Exit status 1
23 error Failed at the Programmazione-Web@ start script 'node app.js'.
23 error Make sure you have the latest version of node.js and npm installed.
23 error If you do, this is most likely a problem with the Programmazione-Web package,
23 error not with npm itself.
23 error Tell the author that this fails on your system:
23 error     node app.js
23 error You can get information on how to open an issue for this project with:
23 error     npm bugs Programmazione-Web
23 error Or if that isn't available, you can get their info via:
23 error     npm owner ls Programmazione-Web
23 error There is likely additional logging output above.
24 verbose exit [ 1, true ]
